<?xml version="1.0" encoding="UTF-8"?>
<!-- Generated by org.testng.reporters.JUnitReportReporter -->
<testsuite hostname="Sondoss-iMac.local" failures="0" tests="1" name="com.acti.base.DriverScript" time="5.180" errors="0" timestamp="2023-05-16T10:01:52 CDT" skipped="0">
  <testcase classname="com.acti.base.DriverScript" name="initApplication" time="5.180"/>
  <system-out/>
</testsuite> <!-- com.acti.base.DriverScript -->
