<?xml version="1.0" encoding="UTF-8"?>
<!-- Generated by org.testng.reporters.JUnitReportReporter -->
<testsuite hostname="Sondoss-iMac.local" failures="0" tests="5" name="com.acti.testcase.LoginPageTest" time="23.543" errors="0" timestamp="2023-05-16T16:24:06 CDT" skipped="0">
  <testcase classname="com.acti.testcase.LoginPageTest" name="testLginFunction" time="3.266"/>
  <system-out/>
  <testcase classname="com.acti.testcase.LoginPageTest" name="testActiImgisDisplayed" time="3.752"/>
  <system-out/>
  <testcase classname="com.acti.testcase.LoginPageTest" name="testLoginPageTitle" time="2.994"/>
  <system-out/>
  <testcase classname="com.acti.testcase.LoginPageTest" name="testForgotPasswordDisplayed" time="7.294"/>
  <system-out/>
  <testcase classname="com.acti.testcase.LoginPageTest" name="testLoginInvalidCredentials" time="6.237"/>
  <system-out/>
</testsuite> <!-- com.acti.testcase.LoginPageTest -->
